<?xml version="1.0" encoding="UTF-8"?>
<testng-results ignored="0" total="2" passed="2" failed="0" skipped="0">
  <reporter-output>
  </reporter-output>
  <suite started-at="2018-07-26T12:04:17Z" name="Suite" finished-at="2018-07-26T12:04:38Z" duration-ms="20576">
    <groups>
    </groups>
    <test started-at="2018-07-26T12:04:17Z" name="Test" finished-at="2018-07-26T12:04:38Z" duration-ms="20576">
      <class name="tests.TestLogin">
        <test-method is-config="true" signature="setupExtentReports()[pri:0, instance:tests.TestLogin@158d2680]" started-at="2018-07-26T12:04:17Z" name="setupExtentReports" finished-at="2018-07-26T12:04:17Z" duration-ms="419" status="PASS">
          <reporter-output>
          </reporter-output>
        </test-method> <!-- setupExtentReports -->
        <test-method is-config="true" signature="setupBrowser()[pri:0, instance:tests.TestLogin@158d2680]" started-at="2018-07-26T12:04:17Z" name="setupBrowser" finished-at="2018-07-26T12:04:32Z" duration-ms="14595" status="PASS">
          <reporter-output>
          </reporter-output>
        </test-method> <!-- setupBrowser -->
        <test-method is-config="true" signature="createReportLogger(java.lang.reflect.Method)[pri:0, instance:tests.TestLogin@158d2680]" started-at="2018-07-26T12:04:33Z" name="createReportLogger" finished-at="2018-07-26T12:04:33Z" duration-ms="3" status="PASS">
          <params>
            <param index="0">
              <value>
                <![CDATA[public void tests.TestLogin.verifyInvalidLogin(java.lang.String,java.lang.String)]]>
              </value>
            </param>
          </params>
          <reporter-output>
          </reporter-output>
        </test-method> <!-- createReportLogger -->
        <test-method signature="verifyInvalidLogin(java.lang.String, java.lang.String)[pri:1, instance:tests.TestLogin@158d2680]" started-at="2018-07-26T12:04:33Z" name="verifyInvalidLogin" data-provider="credentials" finished-at="2018-07-26T12:04:37Z" duration-ms="3782" status="PASS">
          <params>
            <param index="0">
              <value>
                <![CDATA[deepanshutest@gm.co]]>
              </value>
            </param>
            <param index="1">
              <value>
                <![CDATA[sasdasd]]>
              </value>
            </param>
          </params>
          <reporter-output>
          </reporter-output>
        </test-method> <!-- verifyInvalidLogin -->
        <test-method is-config="true" signature="captureStatus(org.testng.ITestResult)[pri:0, instance:tests.TestLogin@158d2680]" started-at="2018-07-26T12:04:37Z" name="captureStatus" finished-at="2018-07-26T12:04:37Z" duration-ms="4" status="PASS">
          <params>
            <param index="0">
              <value>
                <![CDATA[[TestResult name=verifyInvalidLogin status=SUCCESS method=TestLogin.verifyInvalidLogin(java.lang.String, java.lang.String)[pri:1, instance:tests.TestLogin@158d2680] output={null}]]]>
              </value>
            </param>
          </params>
          <reporter-output>
          </reporter-output>
        </test-method> <!-- captureStatus -->
        <test-method is-config="true" signature="createReportLogger(java.lang.reflect.Method)[pri:0, instance:tests.TestLogin@158d2680]" started-at="2018-07-26T12:04:37Z" name="createReportLogger" finished-at="2018-07-26T12:04:37Z" duration-ms="1" status="PASS">
          <params>
            <param index="0">
              <value>
                <![CDATA[public void tests.TestLogin.verifyLoginValidationChecks()]]>
              </value>
            </param>
          </params>
          <reporter-output>
          </reporter-output>
        </test-method> <!-- createReportLogger -->
        <test-method signature="verifyLoginValidationChecks()[pri:2, instance:tests.TestLogin@158d2680]" started-at="2018-07-26T12:04:37Z" name="verifyLoginValidationChecks" description="test to verify validation checks on login page" finished-at="2018-07-26T12:04:37Z" duration-ms="219" status="PASS">
          <reporter-output>
          </reporter-output>
        </test-method> <!-- verifyLoginValidationChecks -->
        <test-method is-config="true" signature="captureStatus(org.testng.ITestResult)[pri:0, instance:tests.TestLogin@158d2680]" started-at="2018-07-26T12:04:37Z" name="captureStatus" finished-at="2018-07-26T12:04:37Z" duration-ms="2" status="PASS">
          <params>
            <param index="0">
              <value>
                <![CDATA[[TestResult name=verifyLoginValidationChecks status=SUCCESS method=TestLogin.verifyLoginValidationChecks()[pri:2, instance:tests.TestLogin@158d2680] output={null}]]]>
              </value>
            </param>
          </params>
          <reporter-output>
          </reporter-output>
        </test-method> <!-- captureStatus -->
        <test-method is-config="true" signature="tearDown()[pri:0, instance:tests.TestLogin@158d2680]" started-at="2018-07-26T12:04:37Z" name="tearDown" finished-at="2018-07-26T12:04:38Z" duration-ms="762" status="PASS">
          <reporter-output>
          </reporter-output>
        </test-method> <!-- tearDown -->
      </class> <!-- tests.TestLogin -->
    </test> <!-- Test -->
  </suite> <!-- Suite -->
</testng-results>
