<?xml version="1.0" encoding="UTF-8"?>
<testng-results ignored="0" total="2" passed="2" failed="0" skipped="0">
  <reporter-output>
  </reporter-output>
  <suite started-at="2018-07-26T12:10:05Z" name="Default suite" finished-at="2018-07-26T12:10:33Z" duration-ms="28192">
    <groups>
    </groups>
    <test started-at="2018-07-26T12:10:05Z" name="Default test" finished-at="2018-07-26T12:10:33Z" duration-ms="28192">
      <class name="tests.TestLogin">
        <test-method is-config="true" signature="setupExtentReports()[pri:0, instance:tests.TestLogin@41c2284a]" started-at="2018-07-26T12:10:05Z" name="setupExtentReports" finished-at="2018-07-26T12:10:05Z" duration-ms="323" status="PASS">
          <reporter-output>
          </reporter-output>
        </test-method> <!-- setupExtentReports -->
        <test-method is-config="true" signature="setupBrowser()[pri:0, instance:tests.TestLogin@41c2284a]" started-at="2018-07-26T12:10:05Z" name="setupBrowser" finished-at="2018-07-26T12:10:17Z" duration-ms="11769" status="PASS">
          <reporter-output>
          </reporter-output>
        </test-method> <!-- setupBrowser -->
        <test-method is-config="true" signature="createReportLogger(java.lang.reflect.Method)[pri:0, instance:tests.TestLogin@41c2284a]" started-at="2018-07-26T12:10:18Z" name="createReportLogger" finished-at="2018-07-26T12:10:18Z" duration-ms="4" status="PASS">
          <params>
            <param index="0">
              <value>
                <![CDATA[public void tests.TestLogin.verifyInvalidLogin(java.lang.String,java.lang.String)]]>
              </value>
            </param>
          </params>
          <reporter-output>
          </reporter-output>
        </test-method> <!-- createReportLogger -->
        <test-method signature="verifyInvalidLogin(java.lang.String, java.lang.String)[pri:1, instance:tests.TestLogin@41c2284a]" started-at="2018-07-26T12:10:18Z" name="verifyInvalidLogin" data-provider="credentials" finished-at="2018-07-26T12:10:27Z" duration-ms="9362" status="PASS">
          <params>
            <param index="0">
              <value>
                <![CDATA[deepanshutest@gm.co]]>
              </value>
            </param>
            <param index="1">
              <value>
                <![CDATA[sasdasd]]>
              </value>
            </param>
          </params>
          <reporter-output>
          </reporter-output>
        </test-method> <!-- verifyInvalidLogin -->
        <test-method is-config="true" signature="captureStatus(org.testng.ITestResult)[pri:0, instance:tests.TestLogin@41c2284a]" started-at="2018-07-26T12:10:27Z" name="captureStatus" finished-at="2018-07-26T12:10:27Z" duration-ms="2" status="PASS">
          <params>
            <param index="0">
              <value>
                <![CDATA[[TestResult name=verifyInvalidLogin status=SUCCESS method=TestLogin.verifyInvalidLogin(java.lang.String, java.lang.String)[pri:1, instance:tests.TestLogin@41c2284a] output={null}]]]>
              </value>
            </param>
          </params>
          <reporter-output>
          </reporter-output>
        </test-method> <!-- captureStatus -->
        <test-method is-config="true" signature="createReportLogger(java.lang.reflect.Method)[pri:0, instance:tests.TestLogin@41c2284a]" started-at="2018-07-26T12:10:27Z" name="createReportLogger" finished-at="2018-07-26T12:10:27Z" duration-ms="1" status="PASS">
          <params>
            <param index="0">
              <value>
                <![CDATA[public void tests.TestLogin.verifyLoginValidationChecks()]]>
              </value>
            </param>
          </params>
          <reporter-output>
          </reporter-output>
        </test-method> <!-- createReportLogger -->
        <test-method signature="verifyLoginValidationChecks()[pri:2, instance:tests.TestLogin@41c2284a]" started-at="2018-07-26T12:10:27Z" name="verifyLoginValidationChecks" description="test to verify validation checks on login page" finished-at="2018-07-26T12:10:33Z" duration-ms="5304" status="PASS">
          <reporter-output>
          </reporter-output>
        </test-method> <!-- verifyLoginValidationChecks -->
        <test-method is-config="true" signature="captureStatus(org.testng.ITestResult)[pri:0, instance:tests.TestLogin@41c2284a]" started-at="2018-07-26T12:10:33Z" name="captureStatus" finished-at="2018-07-26T12:10:33Z" duration-ms="1" status="PASS">
          <params>
            <param index="0">
              <value>
                <![CDATA[[TestResult name=verifyLoginValidationChecks status=SUCCESS method=TestLogin.verifyLoginValidationChecks()[pri:2, instance:tests.TestLogin@41c2284a] output={null}]]]>
              </value>
            </param>
          </params>
          <reporter-output>
          </reporter-output>
        </test-method> <!-- captureStatus -->
        <test-method is-config="true" signature="tearDown()[pri:0, instance:tests.TestLogin@41c2284a]" started-at="2018-07-26T12:10:33Z" name="tearDown" finished-at="2018-07-26T12:10:33Z" duration-ms="629" status="PASS">
          <reporter-output>
          </reporter-output>
        </test-method> <!-- tearDown -->
      </class> <!-- tests.TestLogin -->
    </test> <!-- Default test -->
  </suite> <!-- Default suite -->
</testng-results>
